<?xml version="1.0" encoding="UTF-8"?>
<testng-results skipped="0" failed="0" ignored="0" total="1" passed="1">
  <reporter-output>
  </reporter-output>
  <suite name="Default suite" duration-ms="3743" started-at="2020-05-29T12:50:25Z" finished-at="2020-05-29T12:50:29Z">
    <groups>
    </groups>
    <test name="Default test" duration-ms="3743" started-at="2020-05-29T12:50:25Z" finished-at="2020-05-29T12:50:29Z">
      <class name="files.SpecBuilderSerializationTest">
        <test-method status="PASS" signature="SerializationGoogleMap()[pri:0, instance:files.SpecBuilderSerializationTest@19d1a19]" name="SerializationGoogleMap" duration-ms="3712" started-at="2020-05-29T12:50:25Z" finished-at="2020-05-29T12:50:29Z">
          <reporter-output>
          </reporter-output>
        </test-method> <!-- SerializationGoogleMap -->
      </class> <!-- files.SpecBuilderSerializationTest -->
    </test> <!-- Default test -->
  </suite> <!-- Default suite -->
</testng-results>
